<?xml version="1.0" encoding="UTF-8"?>
<!-- Generated by org.testng.reporters.JUnitReportReporter -->
<testsuite hostname="DESKTOP-6RNNSA7" failures="0" tests="4" name="api.test.UserTests2" time="8.273" errors="0" timestamp="2024-06-23T17:52:13 IST" skipped="0">
  <testcase classname="api.test.UserTests2" name="testPostUser" time="3.476"/>
  <testcase classname="api.test.UserTests2" name="testGetUserByName" time="1.195"/>
  <testcase classname="api.test.UserTests2" name="testUpdateUserByName" time="2.426"/>
  <testcase classname="api.test.UserTests2" name="testDeleteUser" time="1.176"/>
</testsuite> <!-- api.test.UserTests2 -->
