<?xml version="1.0" encoding="UTF-8"?>
<!-- Generated by org.testng.reporters.JUnitReportReporter -->
<testsuite hostname="DESKTOP-6RNNSA7" failures="0" tests="4" name="api.test.UserTests" time="8.694" errors="0" timestamp="2024-06-23T16:32:22 IST" skipped="0">
  <testcase classname="api.test.UserTests" name="testPostUser" time="4.036"/>
  <testcase classname="api.test.UserTests" name="testGetUserByName" time="1.205"/>
  <testcase classname="api.test.UserTests" name="testUpdateUserByName" time="2.309"/>
  <testcase classname="api.test.UserTests" name="testDeleteUser" time="1.144"/>
</testsuite> <!-- api.test.UserTests -->
