<?xml version="1.0" encoding="UTF-8"?>
<!-- Generated by org.testng.reporters.JUnitReportReporter -->
<testsuite hostname="DESKTOP-6RNNSA7" failures="0" tests="6" name="api.test.DDTests" time="9.267" errors="0" timestamp="2024-06-23T15:59:38 IST" skipped="0">
  <testcase classname="api.test.DDTests" name="testPostuser" time="1.149"/>
  <testcase classname="api.test.DDTests" name="testPostuser" time="3.394"/>
  <testcase classname="api.test.DDTests" name="testPostuser" time="1.162"/>
  <testcase classname="api.test.DDTests" name="testDeleteUserByName" time="1.178"/>
  <testcase classname="api.test.DDTests" name="testDeleteUserByName" time="1.241"/>
  <testcase classname="api.test.DDTests" name="testDeleteUserByName" time="1.143"/>
</testsuite> <!-- api.test.DDTests -->
