<?xml version="1.0" encoding="UTF-8"?>
<!-- Generated by org.testng.reporters.JUnitReportReporter -->
<testsuite hostname="DESKTOP-6RNNSA7" failures="0" tests="4" name="api.test.UserTests" time="8.369" errors="0" timestamp="2024-06-23T19:18:34 IST" skipped="0">
  <testcase classname="api.test.UserTests" name="testPostUser" time="3.612"/>
  <testcase classname="api.test.UserTests" name="testGetUserByName" time="1.210"/>
  <testcase classname="api.test.UserTests" name="testUpdateUserByName" time="2.363"/>
  <testcase classname="api.test.UserTests" name="testDeleteUser" time="1.184"/>
</testsuite> <!-- api.test.UserTests -->
